
  .   ____          _            __ _ _
 /\\ / ___'_ __ _ _(_)_ __  __ _ \ \ \ \
( ( )\___ | '_ | '_| | '_ \/ _` | \ \ \ \
 \\/  ___)| |_)| | | | | || (_| |  ) ) ) )
  '  |____| .__|_| |_|_| |_\__, | / / / /
 =========|_|==============|___/=/_/_/_/
 :: Spring Boot ::        (v2.0.4.RELEASE)

2018-10-07 08:44:55.904  INFO 3491 --- [           main] Application                              : Starting Application on ip-172-31-20-182 with PID 3491 (/home/ec2-user/classifier/target/classifier-0.0.1-SNAPSHOT.jar started by root in /home/ec2-user/classifier/target)
2018-10-07 08:44:55.911  INFO 3491 --- [           main] Application                              : No active profile set, falling back to default profiles: default
2018-10-07 08:44:56.176  INFO 3491 --- [           main] ConfigServletWebServerApplicationContext : Refreshing org.springframework.boot.web.servlet.context.AnnotationConfigServletWebServerApplicationContext@27ddd392: startup date [Sun Oct 07 08:44:56 UTC 2018]; root of context hierarchy
2018-10-07 08:45:02.978  INFO 3491 --- [           main] o.s.b.f.xml.XmlBeanDefinitionReader      : Loading XML bean definitions from class path resource [META-INF/cxf/cxf.xml]
2018-10-07 08:45:04.749  INFO 3491 --- [           main] f.a.AutowiredAnnotationBeanPostProcessor : JSR-330 'javax.inject.Inject' annotation found and supported for autowiring
2018-10-07 08:45:05.194  INFO 3491 --- [           main] trationDelegate$BeanPostProcessorChecker : Bean 'org.springframework.ws.config.annotation.DelegatingWsConfiguration' of type [org.springframework.ws.config.annotation.DelegatingWsConfiguration$$EnhancerBySpringCGLIB$$d86a3d04] is not eligible for getting processed by all BeanPostProcessors (for example: not eligible for auto-proxying)
2018-10-07 08:45:05.322  INFO 3491 --- [           main] .w.s.a.s.AnnotationActionEndpointMapping : Supporting [WS-Addressing August 2004, WS-Addressing 1.0]
2018-10-07 08:45:05.460  INFO 3491 --- [           main] trationDelegate$BeanPostProcessorChecker : Bean 'org.springframework.transaction.annotation.ProxyTransactionManagementConfiguration' of type [org.springframework.transaction.annotation.ProxyTransactionManagementConfiguration$$EnhancerBySpringCGLIB$$33d27805] is not eligible for getting processed by all BeanPostProcessors (for example: not eligible for auto-proxying)
2018-10-07 08:45:05.548  INFO 3491 --- [           main] trationDelegate$BeanPostProcessorChecker : Bean 'org.springframework.hateoas.config.HateoasConfiguration' of type [org.springframework.hateoas.config.HateoasConfiguration$$EnhancerBySpringCGLIB$$b352c537] is not eligible for getting processed by all BeanPostProcessors (for example: not eligible for auto-proxying)
2018-10-07 08:45:06.748  INFO 3491 --- [           main] o.s.b.w.embedded.tomcat.TomcatWebServer  : Tomcat initialized with port(s): 80 (http)
2018-10-07 08:45:06.824  INFO 3491 --- [           main] o.apache.catalina.core.StandardService   : Starting service [Tomcat]
2018-10-07 08:45:06.825  INFO 3491 --- [           main] org.apache.catalina.core.StandardEngine  : Starting Servlet Engine: Apache Tomcat/8.5.32
2018-10-07 08:45:06.856  INFO 3491 --- [ost-startStop-1] o.a.catalina.core.AprLifecycleListener   : The APR based Apache Tomcat Native library which allows optimal performance in production environments was not found on the java.library.path: [/usr/java/packages/lib/amd64:/usr/lib64:/lib64:/lib:/usr/lib]
2018-10-07 08:45:07.890  INFO 3491 --- [ost-startStop-1] org.apache.jasper.servlet.TldScanner     : At least one JAR was scanned for TLDs yet contained no TLDs. Enable debug logging for this logger for a complete list of JARs that were scanned but no TLDs were found in them. Skipping unneeded JARs during scanning can improve startup time and JSP compilation time.
2018-10-07 08:45:08.153  INFO 3491 --- [ost-startStop-1] o.a.c.c.C.[.[localhost].[/RankEnzymes]   : Initializing Spring embedded WebApplicationContext
2018-10-07 08:45:08.153  INFO 3491 --- [ost-startStop-1] o.s.web.context.ContextLoader            : Root WebApplicationContext: initialization completed in 11988 ms
2018-10-07 08:45:08.929  INFO 3491 --- [ost-startStop-1] o.s.b.w.servlet.ServletRegistrationBean  : Servlet dispatcherServlet mapped to [/]
2018-10-07 08:45:08.931  INFO 3491 --- [ost-startStop-1] o.s.b.w.servlet.ServletRegistrationBean  : Servlet CXFServlet mapped to [/services/*]
2018-10-07 08:45:08.942  INFO 3491 --- [ost-startStop-1] o.s.b.w.servlet.ServletRegistrationBean  : Servlet messageDispatcherServlet mapped to [/services/*]
2018-10-07 08:45:08.946  INFO 3491 --- [ost-startStop-1] o.s.b.w.servlet.FilterRegistrationBean   : Mapping filter: 'characterEncodingFilter' to: [/*]
2018-10-07 08:45:08.947  INFO 3491 --- [ost-startStop-1] o.s.b.w.servlet.FilterRegistrationBean   : Mapping filter: 'hiddenHttpMethodFilter' to: [/*]
2018-10-07 08:45:08.947  INFO 3491 --- [ost-startStop-1] o.s.b.w.servlet.FilterRegistrationBean   : Mapping filter: 'httpPutFormContentFilter' to: [/*]
2018-10-07 08:45:08.948  INFO 3491 --- [ost-startStop-1] o.s.b.w.servlet.FilterRegistrationBean   : Mapping filter: 'requestContextFilter' to: [/*]
2018-10-07 08:45:09.491  INFO 3491 --- [           main] com.zaxxer.hikari.HikariDataSource       : HikariPool-1 - Starting...
2018-10-07 08:45:09.886  INFO 3491 --- [           main] com.zaxxer.hikari.HikariDataSource       : HikariPool-1 - Start completed.
2018-10-07 08:45:10.499  INFO 3491 --- [           main] j.LocalContainerEntityManagerFactoryBean : Building JPA container EntityManagerFactory for persistence unit 'default'
2018-10-07 08:45:10.552  INFO 3491 --- [           main] o.hibernate.jpa.internal.util.LogHelper  : HHH000204: Processing PersistenceUnitInfo [
	name: default
	...]
2018-10-07 08:45:10.795  INFO 3491 --- [           main] org.hibernate.Version                    : HHH000412: Hibernate Core {5.2.17.Final}
2018-10-07 08:45:10.804  INFO 3491 --- [           main] org.hibernate.cfg.Environment            : HHH000206: hibernate.properties not found
2018-10-07 08:45:10.938  INFO 3491 --- [           main] o.hibernate.annotations.common.Version   : HCANN000001: Hibernate Commons Annotations {5.0.1.Final}
2018-10-07 08:45:11.699  INFO 3491 --- [           main] org.hibernate.dialect.Dialect            : HHH000400: Using dialect: org.hibernate.dialect.MySQL5Dialect
2018-10-07 08:45:14.412  INFO 3491 --- [           main] j.LocalContainerEntityManagerFactoryBean : Initialized JPA EntityManagerFactory for persistence unit 'default'
2018-10-07 08:45:17.251  INFO 3491 --- [           main] o.s.w.s.handler.SimpleUrlHandlerMapping  : Mapped URL path [/**/favicon.ico] onto handler of type [class org.springframework.web.servlet.resource.ResourceHttpRequestHandler]
2018-10-07 08:45:17.787  INFO 3491 --- [           main] s.w.s.m.m.a.RequestMappingHandlerAdapter : Looking for @ControllerAdvice: org.springframework.boot.web.servlet.context.AnnotationConfigServletWebServerApplicationContext@27ddd392: startup date [Sun Oct 07 08:44:56 UTC 2018]; root of context hierarchy
2018-10-07 08:45:17.903  WARN 3491 --- [           main] aWebConfiguration$JpaWebMvcConfiguration : spring.jpa.open-in-view is enabled by default. Therefore, database queries may be performed during view rendering. Explicitly configure spring.jpa.open-in-view to disable this warning
2018-10-07 08:45:18.008  INFO 3491 --- [           main] s.w.s.m.m.a.RequestMappingHandlerMapping : Mapped "{[/logout],methods=[GET]}" onto public java.lang.String com.rankingEnZymes.controller.WebPageController.logout(javax.servlet.http.HttpServletRequest,javax.servlet.http.HttpServletResponse)
2018-10-07 08:45:18.009  INFO 3491 --- [           main] s.w.s.m.m.a.RequestMappingHandlerMapping : Mapped "{[/{id}],methods=[GET]}" onto public java.lang.String com.rankingEnZymes.controller.WebPageController.get(java.lang.String)
2018-10-07 08:45:18.017  INFO 3491 --- [           main] s.w.s.m.m.a.RequestMappingHandlerMapping : Mapped "{[/],methods=[GET]}" onto public java.lang.String com.rankingEnZymes.controller.WebPageController.ind()
2018-10-07 08:45:18.018  INFO 3491 --- [           main] s.w.s.m.m.a.RequestMappingHandlerMapping : Mapped "{[/sort/fetchAll]}" onto public java.util.List<com.rankingEnZymes.model.FinalCAZymes.FinalCAZvType> com.rankingEnZymes.controller.BusinessLogicController.findAll()
2018-10-07 08:45:18.019  INFO 3491 --- [           main] s.w.s.m.m.a.RequestMappingHandlerMapping : Mapped "{[/sort/findSortBy/{orderBy}/{val}],methods=[GET]}" onto public java.util.List<com.rankingEnZymes.model.FinalCAZymes.ResponseObj> com.rankingEnZymes.controller.BusinessLogicController.findSortBy(java.lang.String,java.lang.String)
2018-10-07 08:45:18.019  INFO 3491 --- [           main] s.w.s.m.m.a.RequestMappingHandlerMapping : Mapped "{[/sort/fetchAllSort/{orderBy}/{val}],methods=[GET]}" onto public java.util.List<com.rankingEnZymes.model.FinalCAZymes.FinalCAZvType> com.rankingEnZymes.controller.BusinessLogicController.findSortByValAll(java.lang.String,java.lang.String)
2018-10-07 08:45:18.019  INFO 3491 --- [           main] s.w.s.m.m.a.RequestMappingHandlerMapping : Mapped "{[/searchGenome/All],methods=[GET]}" onto public java.util.List<com.rankingEnZymes.model.FinalCAZymes.Response> com.rankingEnZymes.controller.BusinessLogicController.searchGenomeAll() throws java.io.IOException
2018-10-07 08:45:18.019  INFO 3491 --- [           main] s.w.s.m.m.a.RequestMappingHandlerMapping : Mapped "{[/searchGenome/{orderCriteria}/{genome}],methods=[GET]}" onto public java.util.List<com.rankingEnZymes.model.FinalCAZymes.Response> com.rankingEnZymes.controller.BusinessLogicController.testSearchCazymes(java.lang.String,java.lang.String) throws java.io.IOException
2018-10-07 08:45:18.020  INFO 3491 --- [           main] s.w.s.m.m.a.RequestMappingHandlerMapping : Mapped "{[/sort/pages/{pageNumber}/{pageSize}],methods=[GET]}" onto public java.util.List<com.rankingEnZymes.model.FinalCAZymes.ResponseObj> com.rankingEnZymes.controller.BusinessLogicController.viewPagesofFinalCAZ(int,int)
2018-10-07 08:45:18.020  INFO 3491 --- [           main] s.w.s.m.m.a.RequestMappingHandlerMapping : Mapped "{[/searchClassifier/All],methods=[GET]}" onto public java.util.List<java.util.List<com.rankingEnZymes.model.FinalCAZymes.ResponseObj>> com.rankingEnZymes.controller.BusinessLogicController.searchClassifierAll() throws java.io.IOException
2018-10-07 08:45:18.020  INFO 3491 --- [           main] s.w.s.m.m.a.RequestMappingHandlerMapping : Mapped "{[/searchClassifier/{orderCriteria}/{classifer}],methods=[GET]}" onto public java.util.List<com.rankingEnZymes.model.FinalCAZymes.ResponseObj> com.rankingEnZymes.controller.BusinessLogicController.testsearchFungiCazymes(java.lang.String,java.lang.String) throws java.io.IOException
2018-10-07 08:45:18.029  INFO 3491 --- [           main] s.w.s.m.m.a.RequestMappingHandlerMapping : Mapped "{[/fungiCAZymes/getAll],methods=[GET]}" onto public java.util.List<com.rankingEnZymes.model.FungiCAZymes> com.rankingEnZymes.controller.FungiDBController.getAllPosts(org.springframework.data.domain.Pageable)
2018-10-07 08:45:18.030  INFO 3491 --- [           main] s.w.s.m.m.a.RequestMappingHandlerMapping : Mapped "{[/fungiCAZymes/delete/{id}],methods=[DELETE]}" onto public org.springframework.http.ResponseEntity<java.lang.Void> com.rankingEnZymes.controller.FungiDBController.deletePost(java.lang.String)
2018-10-07 08:45:18.030  INFO 3491 --- [           main] s.w.s.m.m.a.RequestMappingHandlerMapping : Mapped "{[/fungiCAZymes/get/{id}],methods=[GET]}" onto public com.rankingEnZymes.model.FungiCAZymes com.rankingEnZymes.controller.FungiDBController.get(java.lang.String)
2018-10-07 08:45:18.031  INFO 3491 --- [           main] s.w.s.m.m.a.RequestMappingHandlerMapping : Mapped "{[/fungiCAZymes/update],methods=[PUT]}" onto public org.springframework.http.ResponseEntity<java.lang.Void> com.rankingEnZymes.controller.FungiDBController.update(com.rankingEnZymes.model.FungiCAZymes)
2018-10-07 08:45:18.032  INFO 3491 --- [           main] s.w.s.m.m.a.RequestMappingHandlerMapping : Mapped "{[/fungiCAZymes/save],methods=[POST]}" onto public org.springframework.http.ResponseEntity<java.lang.Void> com.rankingEnZymes.controller.FungiDBController.create(com.rankingEnZymes.model.FungiCAZymes)
2018-10-07 08:45:18.033  INFO 3491 --- [           main] s.w.s.m.m.a.RequestMappingHandlerMapping : Mapped "{[/saveFinalCAZSheet],methods=[GET]}" onto public org.springframework.http.ResponseEntity<?> com.rankingEnZymes.controller.SaveExcelSheetToDatabaseRest.insertFinalCAZ(org.springframework.web.util.UriComponentsBuilder) throws java.io.IOException,org.apache.poi.openxml4j.exceptions.InvalidFormatException
2018-10-07 08:45:18.033  INFO 3491 --- [           main] s.w.s.m.m.a.RequestMappingHandlerMapping : Mapped "{[/saveFungiRankSheet],methods=[GET]}" onto public org.springframework.http.ResponseEntity<?> com.rankingEnZymes.controller.SaveExcelSheetToDatabaseRest.insertFungi(org.springframework.web.util.UriComponentsBuilder) throws java.io.IOException,org.apache.poi.openxml4j.exceptions.InvalidFormatException
2018-10-07 08:45:18.038  INFO 3491 --- [           main] s.w.s.m.m.a.RequestMappingHandlerMapping : Mapped "{[/finalCAZv/getAll],methods=[GET]}" onto public java.util.List<com.rankingEnZymes.model.FinalCAZymes.FinalCAZvType> com.rankingEnZymes.controller.FinalCAZvDBController.getAllPosts(org.springframework.data.domain.Pageable)
2018-10-07 08:45:18.039  INFO 3491 --- [           main] s.w.s.m.m.a.RequestMappingHandlerMapping : Mapped "{[/finalCAZv/delete/{id}],methods=[DELETE]}" onto public org.springframework.http.ResponseEntity<java.lang.Void> com.rankingEnZymes.controller.FinalCAZvDBController.deletePost(java.lang.String)
2018-10-07 08:45:18.040  INFO 3491 --- [           main] s.w.s.m.m.a.RequestMappingHandlerMapping : Mapped "{[/finalCAZv/get/{id}],methods=[GET]}" onto public com.rankingEnZymes.model.FinalCAZymes.FinalCAZvType com.rankingEnZymes.controller.FinalCAZvDBController.get(java.lang.String)
2018-10-07 08:45:18.041  INFO 3491 --- [           main] s.w.s.m.m.a.RequestMappingHandlerMapping : Mapped "{[/finalCAZv/update],methods=[PUT]}" onto public org.springframework.http.ResponseEntity<java.lang.Void> com.rankingEnZymes.controller.FinalCAZvDBController.update(com.rankingEnZymes.model.FinalCAZymes.FinalCAZvType)
2018-10-07 08:45:18.041  INFO 3491 --- [           main] s.w.s.m.m.a.RequestMappingHandlerMapping : Mapped "{[/finalCAZv/save],methods=[POST]}" onto public org.springframework.http.ResponseEntity<java.lang.Void> com.rankingEnZymes.controller.FinalCAZvDBController.create(com.rankingEnZymes.model.FinalCAZymes.FinalCAZvType)
2018-10-07 08:45:18.050  INFO 3491 --- [           main] s.w.s.m.m.a.RequestMappingHandlerMapping : Mapped "{[/error],produces=[text/html]}" onto public org.springframework.web.servlet.ModelAndView org.springframework.boot.autoconfigure.web.servlet.error.BasicErrorController.errorHtml(javax.servlet.http.HttpServletRequest,javax.servlet.http.HttpServletResponse)
2018-10-07 08:45:18.051  INFO 3491 --- [           main] s.w.s.m.m.a.RequestMappingHandlerMapping : Mapped "{[/error]}" onto public org.springframework.http.ResponseEntity<java.util.Map<java.lang.String, java.lang.Object>> org.springframework.boot.autoconfigure.web.servlet.error.BasicErrorController.error(javax.servlet.http.HttpServletRequest)
2018-10-07 08:45:18.151  INFO 3491 --- [           main] o.s.w.s.handler.SimpleUrlHandlerMapping  : Mapped URL path [/webjars/**] onto handler of type [class org.springframework.web.servlet.resource.ResourceHttpRequestHandler]
2018-10-07 08:45:18.151  INFO 3491 --- [           main] o.s.w.s.handler.SimpleUrlHandlerMapping  : Mapped URL path [/**] onto handler of type [class org.springframework.web.servlet.resource.ResourceHttpRequestHandler]
2018-10-07 08:45:18.220  INFO 3491 --- [           main] .m.m.a.ExceptionHandlerExceptionResolver : Detected @ExceptionHandler methods in repositoryRestExceptionHandler
2018-10-07 08:45:19.540  INFO 3491 --- [           main] o.s.d.r.w.RepositoryRestHandlerAdapter   : Looking for @ControllerAdvice: org.springframework.boot.web.servlet.context.AnnotationConfigServletWebServerApplicationContext@27ddd392: startup date [Sun Oct 07 08:44:56 UTC 2018]; root of context hierarchy
2018-10-07 08:45:19.582  INFO 3491 --- [           main] o.s.d.r.w.RepositoryRestHandlerMapping   : Mapped "{[/{repository}/{id}/{property}/{propertyId}],methods=[GET],produces=[application/hal+json || application/json]}" onto public org.springframework.http.ResponseEntity<org.springframework.hateoas.ResourceSupport> org.springframework.data.rest.webmvc.RepositoryPropertyReferenceController.followPropertyReference(org.springframework.data.rest.webmvc.RootResourceInformation,java.io.Serializable,java.lang.String,java.lang.String,org.springframework.data.rest.webmvc.PersistentEntityResourceAssembler) throws java.lang.Exception
2018-10-07 08:45:19.584  INFO 3491 --- [           main] o.s.d.r.w.RepositoryRestHandlerMapping   : Mapped "{[/{repository}/{id}/{property}],methods=[GET],produces=[application/hal+json || application/json]}" onto public org.springframework.http.ResponseEntity<org.springframework.hateoas.ResourceSupport> org.springframework.data.rest.webmvc.RepositoryPropertyReferenceController.followPropertyReference(org.springframework.data.rest.webmvc.RootResourceInformation,java.io.Serializable,java.lang.String,org.springframework.data.rest.webmvc.PersistentEntityResourceAssembler) throws java.lang.Exception
2018-10-07 08:45:19.584  INFO 3491 --- [           main] o.s.d.r.w.RepositoryRestHandlerMapping   : Mapped "{[/{repository}/{id}/{property}],methods=[DELETE],produces=[application/hal+json || application/json]}" onto public org.springframework.http.ResponseEntity<? extends org.springframework.hateoas.ResourceSupport> org.springframework.data.rest.webmvc.RepositoryPropertyReferenceController.deletePropertyReference(org.springframework.data.rest.webmvc.RootResourceInformation,java.io.Serializable,java.lang.String) throws java.lang.Exception
2018-10-07 08:45:19.584  INFO 3491 --- [           main] o.s.d.r.w.RepositoryRestHandlerMapping   : Mapped "{[/{repository}/{id}/{property}],methods=[GET],produces=[application/x-spring-data-compact+json || text/uri-list]}" onto public org.springframework.http.ResponseEntity<org.springframework.hateoas.ResourceSupport> org.springframework.data.rest.webmvc.RepositoryPropertyReferenceController.followPropertyReferenceCompact(org.springframework.data.rest.webmvc.RootResourceInformation,java.io.Serializable,java.lang.String,org.springframework.data.rest.webmvc.PersistentEntityResourceAssembler) throws java.lang.Exception
2018-10-07 08:45:19.585  INFO 3491 --- [           main] o.s.d.r.w.RepositoryRestHandlerMapping   : Mapped "{[/{repository}/{id}/{property}],methods=[PATCH || PUT || POST],consumes=[application/json || application/x-spring-data-compact+json || text/uri-list],produces=[application/hal+json || application/json]}" onto public org.springframework.http.ResponseEntity<? extends org.springframework.hateoas.ResourceSupport> org.springframework.data.rest.webmvc.RepositoryPropertyReferenceController.createPropertyReference(org.springframework.data.rest.webmvc.RootResourceInformation,org.springframework.http.HttpMethod,org.springframework.hateoas.Resources<java.lang.Object>,java.io.Serializable,java.lang.String) throws java.lang.Exception
2018-10-07 08:45:19.585  INFO 3491 --- [           main] o.s.d.r.w.RepositoryRestHandlerMapping   : Mapped "{[/{repository}/{id}/{property}/{propertyId}],methods=[DELETE],produces=[application/hal+json || application/json]}" onto public org.springframework.http.ResponseEntity<org.springframework.hateoas.ResourceSupport> org.springframework.data.rest.webmvc.RepositoryPropertyReferenceController.deletePropertyReferenceId(org.springframework.data.rest.webmvc.RootResourceInformation,java.io.Serializable,java.lang.String,java.lang.String) throws java.lang.Exception
2018-10-07 08:45:19.598  INFO 3491 --- [           main] o.s.d.r.w.RepositoryRestHandlerMapping   : Mapped "{[/ || ],methods=[GET],produces=[application/hal+json || application/json]}" onto public org.springframework.http.HttpEntity<org.springframework.data.rest.webmvc.RepositoryLinksResource> org.springframework.data.rest.webmvc.RepositoryController.listRepositories()
2018-10-07 08:45:19.598  INFO 3491 --- [           main] o.s.d.r.w.RepositoryRestHandlerMapping   : Mapped "{[/ || ],methods=[OPTIONS],produces=[application/hal+json || application/json]}" onto public org.springframework.http.HttpEntity<?> org.springframework.data.rest.webmvc.RepositoryController.optionsForRepositories()
2018-10-07 08:45:19.598  INFO 3491 --- [           main] o.s.d.r.w.RepositoryRestHandlerMapping   : Mapped "{[/ || ],methods=[HEAD],produces=[application/hal+json || application/json]}" onto public org.springframework.http.ResponseEntity<?> org.springframework.data.rest.webmvc.RepositoryController.headForRepositories()
2018-10-07 08:45:19.599  INFO 3491 --- [           main] o.s.d.r.w.RepositoryRestHandlerMapping   : Mapped "{[/{repository}/search],methods=[OPTIONS],produces=[application/hal+json || application/json]}" onto public org.springframework.http.HttpEntity<?> org.springframework.data.rest.webmvc.RepositorySearchController.optionsForSearches(org.springframework.data.rest.webmvc.RootResourceInformation)
2018-10-07 08:45:19.599  INFO 3491 --- [           main] o.s.d.r.w.RepositoryRestHandlerMapping   : Mapped "{[/{repository}/search],methods=[HEAD],produces=[application/hal+json || application/json]}" onto public org.springframework.http.HttpEntity<?> org.springframework.data.rest.webmvc.RepositorySearchController.headForSearches(org.springframework.data.rest.webmvc.RootResourceInformation)
2018-10-07 08:45:19.600  INFO 3491 --- [           main] o.s.d.r.w.RepositoryRestHandlerMapping   : Mapped "{[/{repository}/search],methods=[GET],produces=[application/hal+json || application/json]}" onto public org.springframework.data.rest.webmvc.RepositorySearchesResource org.springframework.data.rest.webmvc.RepositorySearchController.listSearches(org.springframework.data.rest.webmvc.RootResourceInformation)
2018-10-07 08:45:19.600  INFO 3491 --- [           main] o.s.d.r.w.RepositoryRestHandlerMapping   : Mapped "{[/{repository}/search/{search}],methods=[GET],produces=[application/hal+json || application/json]}" onto public org.springframework.http.ResponseEntity<?> org.springframework.data.rest.webmvc.RepositorySearchController.executeSearch(org.springframework.data.rest.webmvc.RootResourceInformation,org.springframework.util.MultiValueMap<java.lang.String, java.lang.Object>,java.lang.String,org.springframework.data.rest.webmvc.support.DefaultedPageable,org.springframework.data.domain.Sort,org.springframework.data.rest.webmvc.PersistentEntityResourceAssembler,org.springframework.http.HttpHeaders)
2018-10-07 08:45:19.600  INFO 3491 --- [           main] o.s.d.r.w.RepositoryRestHandlerMapping   : Mapped "{[/{repository}/search/{search}],methods=[GET],produces=[application/x-spring-data-compact+json]}" onto public org.springframework.hateoas.ResourceSupport org.springframework.data.rest.webmvc.RepositorySearchController.executeSearchCompact(org.springframework.data.rest.webmvc.RootResourceInformation,org.springframework.http.HttpHeaders,org.springframework.util.MultiValueMap<java.lang.String, java.lang.Object>,java.lang.String,java.lang.String,org.springframework.data.rest.webmvc.support.DefaultedPageable,org.springframework.data.domain.Sort,org.springframework.data.rest.webmvc.PersistentEntityResourceAssembler)
2018-10-07 08:45:19.600  INFO 3491 --- [           main] o.s.d.r.w.RepositoryRestHandlerMapping   : Mapped "{[/{repository}/search/{search}],methods=[OPTIONS],produces=[application/hal+json || application/json]}" onto public org.springframework.http.ResponseEntity<java.lang.Object> org.springframework.data.rest.webmvc.RepositorySearchController.optionsForSearch(org.springframework.data.rest.webmvc.RootResourceInformation,java.lang.String)
2018-10-07 08:45:19.601  INFO 3491 --- [           main] o.s.d.r.w.RepositoryRestHandlerMapping   : Mapped "{[/{repository}/search/{search}],methods=[HEAD],produces=[application/hal+json || application/json]}" onto public org.springframework.http.ResponseEntity<java.lang.Object> org.springframework.data.rest.webmvc.RepositorySearchController.headForSearch(org.springframework.data.rest.webmvc.RootResourceInformation,java.lang.String)
2018-10-07 08:45:19.609  INFO 3491 --- [           main] o.s.d.r.w.RepositoryRestHandlerMapping   : Mapped "{[/{repository}],methods=[OPTIONS],produces=[application/hal+json || application/json]}" onto public org.springframework.http.ResponseEntity<?> org.springframework.data.rest.webmvc.RepositoryEntityController.optionsForCollectionResource(org.springframework.data.rest.webmvc.RootResourceInformation)
2018-10-07 08:45:19.610  INFO 3491 --- [           main] o.s.d.r.w.RepositoryRestHandlerMapping   : Mapped "{[/{repository}],methods=[HEAD],produces=[application/hal+json || application/json]}" onto public org.springframework.http.ResponseEntity<?> org.springframework.data.rest.webmvc.RepositoryEntityController.headCollectionResource(org.springframework.data.rest.webmvc.RootResourceInformation,org.springframework.data.rest.webmvc.support.DefaultedPageable) throws org.springframework.web.HttpRequestMethodNotSupportedException
2018-10-07 08:45:19.610  INFO 3491 --- [           main] o.s.d.r.w.RepositoryRestHandlerMapping   : Mapped "{[/{repository}],methods=[GET],produces=[application/hal+json || application/json]}" onto public org.springframework.hateoas.Resources<?> org.springframework.data.rest.webmvc.RepositoryEntityController.getCollectionResource(org.springframework.data.rest.webmvc.RootResourceInformation,org.springframework.data.rest.webmvc.support.DefaultedPageable,org.springframework.data.domain.Sort,org.springframework.data.rest.webmvc.PersistentEntityResourceAssembler) throws org.springframework.data.rest.webmvc.ResourceNotFoundException,org.springframework.web.HttpRequestMethodNotSupportedException
2018-10-07 08:45:19.610  INFO 3491 --- [           main] o.s.d.r.w.RepositoryRestHandlerMapping   : Mapped "{[/{repository}],methods=[GET],produces=[application/x-spring-data-compact+json || text/uri-list]}" onto public org.springframework.hateoas.Resources<?> org.springframework.data.rest.webmvc.RepositoryEntityController.getCollectionResourceCompact(org.springframework.data.rest.webmvc.RootResourceInformation,org.springframework.data.rest.webmvc.support.DefaultedPageable,org.springframework.data.domain.Sort,org.springframework.data.rest.webmvc.PersistentEntityResourceAssembler) throws org.springframework.data.rest.webmvc.ResourceNotFoundException,org.springframework.web.HttpRequestMethodNotSupportedException
2018-10-07 08:45:19.610  INFO 3491 --- [           main] o.s.d.r.w.RepositoryRestHandlerMapping   : Mapped "{[/{repository}],methods=[POST],produces=[application/hal+json || application/json]}" onto public org.springframework.http.ResponseEntity<org.springframework.hateoas.ResourceSupport> org.springframework.data.rest.webmvc.RepositoryEntityController.postCollectionResource(org.springframework.data.rest.webmvc.RootResourceInformation,org.springframework.data.rest.webmvc.PersistentEntityResource,org.springframework.data.rest.webmvc.PersistentEntityResourceAssembler,java.lang.String) throws org.springframework.web.HttpRequestMethodNotSupportedException
2018-10-07 08:45:19.611  INFO 3491 --- [           main] o.s.d.r.w.RepositoryRestHandlerMapping   : Mapped "{[/{repository}/{id}],methods=[OPTIONS],produces=[application/hal+json || application/json]}" onto public org.springframework.http.ResponseEntity<?> org.springframework.data.rest.webmvc.RepositoryEntityController.optionsForItemResource(org.springframework.data.rest.webmvc.RootResourceInformation)
2018-10-07 08:45:19.611  INFO 3491 --- [           main] o.s.d.r.w.RepositoryRestHandlerMapping   : Mapped "{[/{repository}/{id}],methods=[HEAD],produces=[application/hal+json || application/json]}" onto public org.springframework.http.ResponseEntity<?> org.springframework.data.rest.webmvc.RepositoryEntityController.headForItemResource(org.springframework.data.rest.webmvc.RootResourceInformation,java.io.Serializable,org.springframework.data.rest.webmvc.PersistentEntityResourceAssembler) throws org.springframework.web.HttpRequestMethodNotSupportedException
2018-10-07 08:45:19.611  INFO 3491 --- [           main] o.s.d.r.w.RepositoryRestHandlerMapping   : Mapped "{[/{repository}/{id}],methods=[GET],produces=[application/hal+json || application/json]}" onto public org.springframework.http.ResponseEntity<org.springframework.hateoas.Resource<?>> org.springframework.data.rest.webmvc.RepositoryEntityController.getItemResource(org.springframework.data.rest.webmvc.RootResourceInformation,java.io.Serializable,org.springframework.data.rest.webmvc.PersistentEntityResourceAssembler,org.springframework.http.HttpHeaders) throws org.springframework.web.HttpRequestMethodNotSupportedException
2018-10-07 08:45:19.611  INFO 3491 --- [           main] o.s.d.r.w.RepositoryRestHandlerMapping   : Mapped "{[/{repository}/{id}],methods=[PUT],produces=[application/hal+json || application/json]}" onto public org.springframework.http.ResponseEntity<? extends org.springframework.hateoas.ResourceSupport> org.springframework.data.rest.webmvc.RepositoryEntityController.putItemResource(org.springframework.data.rest.webmvc.RootResourceInformation,org.springframework.data.rest.webmvc.PersistentEntityResource,java.io.Serializable,org.springframework.data.rest.webmvc.PersistentEntityResourceAssembler,org.springframework.data.rest.webmvc.support.ETag,java.lang.String) throws org.springframework.web.HttpRequestMethodNotSupportedException
2018-10-07 08:45:19.612  INFO 3491 --- [           main] o.s.d.r.w.RepositoryRestHandlerMapping   : Mapped "{[/{repository}/{id}],methods=[PATCH],produces=[application/hal+json || application/json]}" onto public org.springframework.http.ResponseEntity<org.springframework.hateoas.ResourceSupport> org.springframework.data.rest.webmvc.RepositoryEntityController.patchItemResource(org.springframework.data.rest.webmvc.RootResourceInformation,org.springframework.data.rest.webmvc.PersistentEntityResource,java.io.Serializable,org.springframework.data.rest.webmvc.PersistentEntityResourceAssembler,org.springframework.data.rest.webmvc.support.ETag,java.lang.String) throws org.springframework.web.HttpRequestMethodNotSupportedException,org.springframework.data.rest.webmvc.ResourceNotFoundException
2018-10-07 08:45:19.612  INFO 3491 --- [           main] o.s.d.r.w.RepositoryRestHandlerMapping   : Mapped "{[/{repository}/{id}],methods=[DELETE],produces=[application/hal+json || application/json]}" onto public org.springframework.http.ResponseEntity<?> org.springframework.data.rest.webmvc.RepositoryEntityController.deleteItemResource(org.springframework.data.rest.webmvc.RootResourceInformation,java.io.Serializable,org.springframework.data.rest.webmvc.support.ETag) throws org.springframework.data.rest.webmvc.ResourceNotFoundException,org.springframework.web.HttpRequestMethodNotSupportedException
2018-10-07 08:45:19.617  INFO 3491 --- [           main] o.s.d.r.w.BasePathAwareHandlerMapping    : Mapped "{[/profile/{repository}],methods=[OPTIONS],produces=[application/alps+json]}" onto org.springframework.http.HttpEntity<?> org.springframework.data.rest.webmvc.alps.AlpsController.alpsOptions()
2018-10-07 08:45:19.617  INFO 3491 --- [           main] o.s.d.r.w.BasePathAwareHandlerMapping    : Mapped "{[/profile/{repository}],methods=[GET],produces=[application/alps+json || */*]}" onto org.springframework.http.HttpEntity<org.springframework.data.rest.webmvc.RootResourceInformation> org.springframework.data.rest.webmvc.alps.AlpsController.descriptor(org.springframework.data.rest.webmvc.RootResourceInformation)
2018-10-07 08:45:19.617  INFO 3491 --- [           main] o.s.d.r.w.BasePathAwareHandlerMapping    : Mapped "{[/profile],methods=[OPTIONS]}" onto public org.springframework.http.HttpEntity<?> org.springframework.data.rest.webmvc.ProfileController.profileOptions()
2018-10-07 08:45:19.617  INFO 3491 --- [           main] o.s.d.r.w.BasePathAwareHandlerMapping    : Mapped "{[/profile],methods=[GET]}" onto org.springframework.http.HttpEntity<org.springframework.hateoas.ResourceSupport> org.springframework.data.rest.webmvc.ProfileController.listAllFormsOfMetadata()
2018-10-07 08:45:19.617  INFO 3491 --- [           main] o.s.d.r.w.BasePathAwareHandlerMapping    : Mapped "{[/profile/{repository}],methods=[GET],produces=[application/schema+json]}" onto public org.springframework.http.HttpEntity<org.springframework.data.rest.webmvc.json.JsonSchema> org.springframework.data.rest.webmvc.RepositorySchemaController.schema(org.springframework.data.rest.webmvc.RootResourceInformation)
2018-10-07 08:45:20.203  INFO 3491 --- [           main] o.s.j.e.a.AnnotationMBeanExporter        : Registering beans for JMX exposure on startup
2018-10-07 08:45:20.211  INFO 3491 --- [           main] o.s.j.e.a.AnnotationMBeanExporter        : Bean with name 'dataSource' has been autodetected for JMX exposure
2018-10-07 08:45:20.224  INFO 3491 --- [           main] o.s.j.e.a.AnnotationMBeanExporter        : Located MBean 'dataSource': registering with JMX server as MBean [com.zaxxer.hikari:name=dataSource,type=HikariDataSource]
2018-10-07 08:45:20.334  INFO 3491 --- [           main] o.s.b.w.embedded.tomcat.TomcatWebServer  : Tomcat started on port(s): 80 (http) with context path '/RankEnzymes'
2018-10-07 08:45:20.345  INFO 3491 --- [           main] Application                              : Started Application in 25.69 seconds (JVM running for 26.806)
2018-10-07 08:45:40.745  INFO 3491 --- [p-nio-80-exec-2] o.a.c.c.C.[.[localhost].[/RankEnzymes]   : Initializing Spring FrameworkServlet 'dispatcherServlet'
2018-10-07 08:45:40.746  INFO 3491 --- [p-nio-80-exec-2] o.s.web.servlet.DispatcherServlet        : FrameworkServlet 'dispatcherServlet': initialization started
2018-10-07 08:45:40.808  INFO 3491 --- [p-nio-80-exec-2] o.s.web.servlet.DispatcherServlet        : FrameworkServlet 'dispatcherServlet': initialization completed in 62 ms
2018-10-07 08:45:56.433  INFO 3491 --- [       Thread-3] ConfigServletWebServerApplicationContext : Closing org.springframework.boot.web.servlet.context.AnnotationConfigServletWebServerApplicationContext@27ddd392: startup date [Sun Oct 07 08:44:56 UTC 2018]; root of context hierarchy
2018-10-07 08:45:56.447  INFO 3491 --- [       Thread-3] o.s.j.e.a.AnnotationMBeanExporter        : Unregistering JMX-exposed beans on shutdown
2018-10-07 08:45:56.453  INFO 3491 --- [       Thread-3] o.s.j.e.a.AnnotationMBeanExporter        : Unregistering JMX-exposed beans
2018-10-07 08:45:56.458  INFO 3491 --- [       Thread-3] j.LocalContainerEntityManagerFactoryBean : Closing JPA EntityManagerFactory for persistence unit 'default'
2018-10-07 08:45:56.458  INFO 3491 --- [       Thread-3] com.zaxxer.hikari.HikariDataSource       : HikariPool-1 - Shutdown initiated...
2018-10-07 08:45:56.467  INFO 3491 --- [       Thread-3] com.zaxxer.hikari.HikariDataSource       : HikariPool-1 - Shutdown completed.
